
> web-ban-hoa@0.1.0 dev
> next dev --webpack

▲ Next.js 16.1.7 (webpack)
- Local:         http://localhost:3000
- Network:       http://10.12.32.112:3000
- Environments: .env.local

✓ Starting...
✓ Ready in 7.3s
○ Compiling / ...
 GET / 200 in 13.8s (compile: 11.9s, render: 1882ms)
○ Compiling /checkout/qr ...
 GET /checkout/qr?orderId=9 200 in 7.2s (compile: 6.2s, render: 954ms)
 GET / 200 in 3.2s (compile: 1960ms, render: 1275ms)
 GET / 200 in 264ms (compile: 9ms, render: 254ms)
○ Compiling /cart ...
 GET /cart 200 in 12.4s (compile: 10.8s, render: 1569ms)
 GET /products 200 in 8.3s (compile: 6.7s, render: 1575ms)
 GET /profile 200 in 14.5s (compile: 12.9s, render: 1587ms)
 GET /cart 200 in 162ms (compile: 51ms, render: 111ms)
 GET / 200 in 7.2s (compile: 5.5s, render: 1719ms)
 GET /products 200 in 68ms (compile: 12ms, render: 56ms)
 GET /products?page=3 200 in 94ms (compile: 12ms, render: 82ms)
 GET /cart 200 in 80ms (compile: 12ms, render: 69ms)
 GET /checkout 200 in 2.6s (compile: 2.4s, render: 180ms)
 GET /checkout/qr?orderId=10 200 in 1968ms (compile: 1848ms, render: 120ms)
○ Compiling /checkout/complete ...
 GET /checkout/complete?orderId=10 200 in 4.4s (compile: 4.1s, render: 248ms)
